2014/12/02 19:29:17 [error] [php] Undefined variable: model (/var/www/html/opensouq/protected/views/site/login.php:28)
Stack trace:
#0 /var/www/html/framework/web/CController.php(869): SiteController->renderFile()
#1 /var/www/html/framework/web/CController.php(782): SiteController->renderPartial()
#2 /var/www/html/opensouq/protected/controllers/SiteController.php(128): SiteController->render()
#3 /var/www/html/framework/web/actions/CInlineAction.php(49): SiteController->actionLogin()
#4 /var/www/html/framework/web/CController.php(308): CInlineAction->runWithParams()
#5 /var/www/html/framework/web/filters/CFilterChain.php(133): SiteController->runAction()
#6 /var/www/html/framework/web/filters/CFilter.php(40): CFilterChain->run()
#7 /var/www/html/framework/web/CController.php(1145): CAccessControlFilter->filter()
#8 /var/www/html/framework/web/filters/CInlineFilter.php(58): SiteController->filterAccessControl()
#9 /var/www/html/framework/web/filters/CFilterChain.php(130): CInlineFilter->filter()
#10 /var/www/html/framework/web/CController.php(291): CFilterChain->run()
#11 /var/www/html/framework/web/CController.php(265): SiteController->runActionWithFilters()
#12 /var/www/html/framework/web/CWebApplication.php(282): SiteController->run()
#13 /var/www/html/framework/web/CWebApplication.php(141): CWebApplication->runController()
#14 /var/www/html/framework/base/CApplication.php(169): CWebApplication->processRequest()
#15 /var/www/html/opensouq/index.php(13): CWebApplication->run()
REQUEST_URI=/opensouq/index.php?r=site/login
in /var/www/html/opensouq/protected/views/site/login.php (28)
in /var/www/html/opensouq/protected/controllers/SiteController.php (128)
in /var/www/html/opensouq/index.php (13)
2014/12/07 11:49:54 [error] [exception.CException] exception 'CException' with message 'CHttpSession and its behaviors do not have a method or closure named "getUserId".' in /var/www/html/framework/base/CComponent.php:265
Stack trace:
#0 /var/www/html/opensouq/protected/components/CfbUser.php(78): CComponent->__call('getUserId', Array)
#1 /var/www/html/opensouq/protected/components/CfbUser.php(78): CHttpSession->getUserId()
#2 /var/www/html/framework/YiiBase.php(217): CfbUser->CfbUser()
#3 /var/www/html/framework/base/CModule.php(386): YiiBase::createComponent(Array)
#4 /var/www/html/framework/web/CWebApplication.php(209): CModule->getComponent('user')
#5 /var/www/html/framework/web/auth/CAccessControlFilter.php(129): CWebApplication->getUser()
#6 /var/www/html/framework/web/filters/CFilter.php(38): CAccessControlFilter->preFilter(Object(CFilterChain))
#7 /var/www/html/framework/web/CController.php(1145): CFilter->filter(Object(CFilterChain))
#8 /var/www/html/framework/web/filters/CInlineFilter.php(58): CController->filterAccessControl(Object(CFilterChain))
#9 /var/www/html/framework/web/filters/CFilterChain.php(130): CInlineFilter->filter(Object(CFilterChain))
#10 /var/www/html/framework/web/CController.php(291): CFilterChain->run()
#11 /var/www/html/framework/web/CController.php(265): CController->runActionWithFilters(Object(CInlineAction), Array)
#12 /var/www/html/framework/web/CWebApplication.php(282): CController->run('')
#13 /var/www/html/framework/web/CWebApplication.php(141): CWebApplication->runController('')
#14 /var/www/html/framework/base/CApplication.php(169): CWebApplication->processRequest()
#15 /var/www/html/opensouq/index.php(13): CApplication->run()
#16 {main}
REQUEST_URI=/opensouq/
---
2014/12/07 11:52:22 [error] [php] Object of class CHttpSession could not be converted to string (/var/www/html/opensouq/protected/components/CfbUser.php:78)
Stack trace:
#0 /var/www/html/framework/web/CWebApplication.php(209): CWebApplication->getComponent()
#1 /var/www/html/framework/web/auth/CAccessControlFilter.php(129): CWebApplication->getUser()
#2 /var/www/html/framework/web/filters/CFilter.php(38): CAccessControlFilter->preFilter()
#3 /var/www/html/framework/web/CController.php(1145): CAccessControlFilter->filter()
#4 /var/www/html/framework/web/filters/CInlineFilter.php(58): SiteController->filterAccessControl()
#5 /var/www/html/framework/web/filters/CFilterChain.php(130): CInlineFilter->filter()
#6 /var/www/html/framework/web/CController.php(291): CFilterChain->run()
#7 /var/www/html/framework/web/CController.php(265): SiteController->runActionWithFilters()
#8 /var/www/html/framework/web/CWebApplication.php(282): SiteController->run()
#9 /var/www/html/framework/web/CWebApplication.php(141): CWebApplication->runController()
#10 /var/www/html/framework/base/CApplication.php(169): CWebApplication->processRequest()
#11 /var/www/html/opensouq/index.php(13): CWebApplication->run()
REQUEST_URI=/opensouq/
in /var/www/html/opensouq/protected/components/CfbUser.php (78)
in /var/www/html/opensouq/index.php (13)
2014/12/07 11:54:01 [error] [exception.CException] exception 'CException' with message 'CHttpSession and its behaviors do not have a method or closure named "getUserId".' in /var/www/html/framework/base/CComponent.php:265
Stack trace:
#0 /var/www/html/opensouq/protected/components/CfbUser.php(79): CComponent->__call('getUserId', Array)
#1 /var/www/html/opensouq/protected/components/CfbUser.php(79): CHttpSession->getUserId()
#2 /var/www/html/framework/YiiBase.php(217): CfbUser->CfbUser()
#3 /var/www/html/framework/base/CModule.php(386): YiiBase::createComponent(Array)
#4 /var/www/html/framework/web/CWebApplication.php(209): CModule->getComponent('user')
#5 /var/www/html/framework/web/auth/CAccessControlFilter.php(129): CWebApplication->getUser()
#6 /var/www/html/framework/web/filters/CFilter.php(38): CAccessControlFilter->preFilter(Object(CFilterChain))
#7 /var/www/html/framework/web/CController.php(1145): CFilter->filter(Object(CFilterChain))
#8 /var/www/html/framework/web/filters/CInlineFilter.php(58): CController->filterAccessControl(Object(CFilterChain))
#9 /var/www/html/framework/web/filters/CFilterChain.php(130): CInlineFilter->filter(Object(CFilterChain))
#10 /var/www/html/framework/web/CController.php(291): CFilterChain->run()
#11 /var/www/html/framework/web/CController.php(265): CController->runActionWithFilters(Object(CInlineAction), Array)
#12 /var/www/html/framework/web/CWebApplication.php(282): CController->run('login')
#13 /var/www/html/framework/web/CWebApplication.php(141): CWebApplication->runController('site/login')
#14 /var/www/html/framework/base/CApplication.php(169): CWebApplication->processRequest()
#15 /var/www/html/opensouq/index.php(13): CApplication->run()
#16 {main}
REQUEST_URI=/opensouq/index.php?r=site/login
---
2014/12/07 12:34:10 [error] [exception.CDbException] exception 'CDbException' with message 'CDbConnection failed to open the DB connection: could not find driver' in /var/www/html/framework/db/CDbConnection.php:381
Stack trace:
#0 /var/www/html/framework/db/CDbConnection.php(330): CDbConnection->open()
#1 /var/www/html/framework/db/CDbConnection.php(308): CDbConnection->setActive(true)
#2 /var/www/html/framework/base/CModule.php(387): CDbConnection->init()
#3 /var/www/html/framework/base/CApplication.php(438): CModule->getComponent('db')
#4 /var/www/html/framework/db/ar/CActiveRecord.php(623): CApplication->getDb()
#5 /var/www/html/framework/db/ar/CActiveRecord.php(2309): CActiveRecord->getDbConnection()
#6 /var/www/html/framework/db/ar/CActiveRecord.php(387): CActiveRecordMetaData->__construct(Object(UserLogin))
#7 /var/www/html/framework/db/ar/CActiveRecord.php(402): CActiveRecord::model('UserLogin')
#8 /var/www/html/framework/db/ar/CActiveRecord.php(77): CActiveRecord->getMetaData()
#9 /var/www/html/opensouq/protected/controllers/SiteController.php(114): CActiveRecord->__construct()
#10 /var/www/html/framework/web/actions/CInlineAction.php(49): SiteController->actionLogin()
#11 /var/www/html/framework/web/CController.php(308): CInlineAction->runWithParams(Array)
#12 /var/www/html/framework/web/filters/CFilterChain.php(133): CController->runAction(Object(CInlineAction))
#13 /var/www/html/framework/web/filters/CFilter.php(40): CFilterChain->run()
#14 /var/www/html/framework/web/CController.php(1145): CFilter->filter(Object(CFilterChain))
#15 /var/www/html/framework/web/filters/CInlineFilter.php(58): CController->filterAccessControl(Object(CFilterChain))
#16 /var/www/html/framework/web/filters/CFilterChain.php(130): CInlineFilter->filter(Object(CFilterChain))
#17 /var/www/html/framework/web/CController.php(291): CFilterChain->run()
#18 /var/www/html/framework/web/CController.php(265): CController->runActionWithFilters(Object(CInlineAction), Array)
#19 /var/www/html/framework/web/CWebApplication.php(282): CController->run('login')
#20 /var/www/html/framework/web/CWebApplication.php(141): CWebApplication->runController('site/login')
#21 /var/www/html/framework/base/CApplication.php(169): CWebApplication->processRequest()
#22 /var/www/html/opensouq/index.php(13): CApplication->run()
#23 {main}
REQUEST_URI=/opensouq/index.php?r=site/login
HTTP_REFERER=http://localhost/opensouq/index.php?r=site/login
---
2014/12/07 12:35:39 [error] [exception.CDbException] exception 'CDbException' with message 'CDbConnection failed to open the DB connection: could not find driver' in /var/www/html/framework/db/CDbConnection.php:381
Stack trace:
#0 /var/www/html/framework/db/CDbConnection.php(330): CDbConnection->open()
#1 /var/www/html/framework/db/CDbConnection.php(308): CDbConnection->setActive(true)
#2 /var/www/html/framework/base/CModule.php(387): CDbConnection->init()
#3 /var/www/html/framework/base/CModule.php(103): CModule->getComponent('db')
#4 /var/www/html/opensouq/protected/models/UserLogin.php(33): CModule->__get('db')
#5 /var/www/html/framework/db/ar/CActiveRecord.php(2309): UserLogin->getDbConnection()
#6 /var/www/html/framework/db/ar/CActiveRecord.php(387): CActiveRecordMetaData->__construct(Object(UserLogin))
#7 /var/www/html/framework/db/ar/CActiveRecord.php(402): CActiveRecord::model('UserLogin')
#8 /var/www/html/framework/db/ar/CActiveRecord.php(77): CActiveRecord->getMetaData()
#9 /var/www/html/opensouq/protected/controllers/SiteController.php(114): CActiveRecord->__construct()
#10 /var/www/html/framework/web/actions/CInlineAction.php(49): SiteController->actionLogin()
#11 /var/www/html/framework/web/CController.php(308): CInlineAction->runWithParams(Array)
#12 /var/www/html/framework/web/filters/CFilterChain.php(133): CController->runAction(Object(CInlineAction))
#13 /var/www/html/framework/web/filters/CFilter.php(40): CFilterChain->run()
#14 /var/www/html/framework/web/CController.php(1145): CFilter->filter(Object(CFilterChain))
#15 /var/www/html/framework/web/filters/CInlineFilter.php(58): CController->filterAccessControl(Object(CFilterChain))
#16 /var/www/html/framework/web/filters/CFilterChain.php(130): CInlineFilter->filter(Object(CFilterChain))
#17 /var/www/html/framework/web/CController.php(291): CFilterChain->run()
#18 /var/www/html/framework/web/CController.php(265): CController->runActionWithFilters(Object(CInlineAction), Array)
#19 /var/www/html/framework/web/CWebApplication.php(282): CController->run('login')
#20 /var/www/html/framework/web/CWebApplication.php(141): CWebApplication->runController('site/login')
#21 /var/www/html/framework/base/CApplication.php(169): CWebApplication->processRequest()
#22 /var/www/html/opensouq/index.php(13): CApplication->run()
#23 {main}
REQUEST_URI=/opensouq/index.php?r=site/login
HTTP_REFERER=http://localhost/opensouq/index.php?r=site/login
---
2014/12/07 12:40:01 [error] [exception.CDbException] exception 'CDbException' with message 'CDbConnection failed to open the DB connection: could not find driver' in /var/www/html/framework/db/CDbConnection.php:381
Stack trace:
#0 /var/www/html/framework/db/CDbConnection.php(330): CDbConnection->open()
#1 /var/www/html/framework/db/CDbConnection.php(308): CDbConnection->setActive(true)
#2 /var/www/html/framework/base/CModule.php(387): CDbConnection->init()
#3 /var/www/html/framework/base/CApplication.php(438): CModule->getComponent('db')
#4 /var/www/html/framework/db/ar/CActiveRecord.php(623): CApplication->getDb()
#5 /var/www/html/framework/db/ar/CActiveRecord.php(2309): CActiveRecord->getDbConnection()
#6 /var/www/html/framework/db/ar/CActiveRecord.php(387): CActiveRecordMetaData->__construct(Object(UserLogin))
#7 /var/www/html/framework/db/ar/CActiveRecord.php(402): CActiveRecord::model('UserLogin')
#8 /var/www/html/framework/db/ar/CActiveRecord.php(77): CActiveRecord->getMetaData()
#9 /var/www/html/opensouq/protected/controllers/SiteController.php(114): CActiveRecord->__construct()
#10 /var/www/html/framework/web/actions/CInlineAction.php(49): SiteController->actionLogin()
#11 /var/www/html/framework/web/CController.php(308): CInlineAction->runWithParams(Array)
#12 /var/www/html/framework/web/filters/CFilterChain.php(133): CController->runAction(Object(CInlineAction))
#13 /var/www/html/framework/web/filters/CFilter.php(40): CFilterChain->run()
#14 /var/www/html/framework/web/CController.php(1145): CFilter->filter(Object(CFilterChain))
#15 /var/www/html/framework/web/filters/CInlineFilter.php(58): CController->filterAccessControl(Object(CFilterChain))
#16 /var/www/html/framework/web/filters/CFilterChain.php(130): CInlineFilter->filter(Object(CFilterChain))
#17 /var/www/html/framework/web/CController.php(291): CFilterChain->run()
#18 /var/www/html/framework/web/CController.php(265): CController->runActionWithFilters(Object(CInlineAction), Array)
#19 /var/www/html/framework/web/CWebApplication.php(282): CController->run('login')
#20 /var/www/html/framework/web/CWebApplication.php(141): CWebApplication->runController('site/login')
#21 /var/www/html/framework/base/CApplication.php(169): CWebApplication->processRequest()
#22 /var/www/html/opensouq/index.php(13): CApplication->run()
#23 {main}
REQUEST_URI=/opensouq/index.php?r=site/login
HTTP_REFERER=http://localhost/opensouq/index.php?r=site/login
---
2014/12/07 12:43:13 [error] [exception.CDbException] exception 'CDbException' with message 'CDbConnection failed to open the DB connection: could not find driver' in /var/www/html/framework/db/CDbConnection.php:381
Stack trace:
#0 /var/www/html/framework/db/CDbConnection.php(330): CDbConnection->open()
#1 /var/www/html/framework/db/CDbConnection.php(308): CDbConnection->setActive(true)
#2 /var/www/html/framework/base/CModule.php(387): CDbConnection->init()
#3 /var/www/html/framework/base/CApplication.php(438): CModule->getComponent('db')
#4 /var/www/html/framework/db/ar/CActiveRecord.php(623): CApplication->getDb()
#5 /var/www/html/framework/db/ar/CActiveRecord.php(2309): CActiveRecord->getDbConnection()
#6 /var/www/html/framework/db/ar/CActiveRecord.php(387): CActiveRecordMetaData->__construct(Object(UserLogin))
#7 /var/www/html/framework/db/ar/CActiveRecord.php(402): CActiveRecord::model('UserLogin')
#8 /var/www/html/framework/db/ar/CActiveRecord.php(77): CActiveRecord->getMetaData()
#9 /var/www/html/opensouq/protected/controllers/SiteController.php(114): CActiveRecord->__construct()
#10 /var/www/html/framework/web/actions/CInlineAction.php(49): SiteController->actionLogin()
#11 /var/www/html/framework/web/CController.php(308): CInlineAction->runWithParams(Array)
#12 /var/www/html/framework/web/filters/CFilterChain.php(133): CController->runAction(Object(CInlineAction))
#13 /var/www/html/framework/web/filters/CFilter.php(40): CFilterChain->run()
#14 /var/www/html/framework/web/CController.php(1145): CFilter->filter(Object(CFilterChain))
#15 /var/www/html/framework/web/filters/CInlineFilter.php(58): CController->filterAccessControl(Object(CFilterChain))
#16 /var/www/html/framework/web/filters/CFilterChain.php(130): CInlineFilter->filter(Object(CFilterChain))
#17 /var/www/html/framework/web/CController.php(291): CFilterChain->run()
#18 /var/www/html/framework/web/CController.php(265): CController->runActionWithFilters(Object(CInlineAction), Array)
#19 /var/www/html/framework/web/CWebApplication.php(282): CController->run('login')
#20 /var/www/html/framework/web/CWebApplication.php(141): CWebApplication->runController('site/login')
#21 /var/www/html/framework/base/CApplication.php(169): CWebApplication->processRequest()
#22 /var/www/html/opensouq/index.php(13): CApplication->run()
#23 {main}
REQUEST_URI=/opensouq/index.php?r=site/login
HTTP_REFERER=http://localhost/opensouq/index.php?r=site/login
---
2014/12/07 12:49:28 [error] [exception.CDbException] exception 'CDbException' with message 'CDbConnection failed to open the DB connection: could not find driver' in /var/www/html/framework/db/CDbConnection.php:381
Stack trace:
#0 /var/www/html/framework/db/CDbConnection.php(330): CDbConnection->open()
#1 /var/www/html/framework/db/CDbConnection.php(308): CDbConnection->setActive(true)
#2 /var/www/html/framework/base/CModule.php(387): CDbConnection->init()
#3 /var/www/html/framework/base/CModule.php(103): CModule->getComponent('db')
#4 /var/www/html/opensouq/protected/models/Fbusers.php(33): CModule->__get('db')
#5 /var/www/html/framework/db/ar/CActiveRecord.php(2309): Fbusers->getDbConnection()
#6 /var/www/html/framework/db/ar/CActiveRecord.php(387): CActiveRecordMetaData->__construct(Object(Fbusers))
#7 /var/www/html/framework/db/ar/CActiveRecord.php(402): CActiveRecord::model('Fbusers')
#8 /var/www/html/framework/db/ar/CActiveRecord.php(77): CActiveRecord->getMetaData()
#9 /var/www/html/opensouq/protected/controllers/SiteController.php(114): CActiveRecord->__construct()
#10 /var/www/html/framework/web/actions/CInlineAction.php(49): SiteController->actionLogin()
#11 /var/www/html/framework/web/CController.php(308): CInlineAction->runWithParams(Array)
#12 /var/www/html/framework/web/filters/CFilterChain.php(133): CController->runAction(Object(CInlineAction))
#13 /var/www/html/framework/web/filters/CFilter.php(40): CFilterChain->run()
#14 /var/www/html/framework/web/CController.php(1145): CFilter->filter(Object(CFilterChain))
#15 /var/www/html/framework/web/filters/CInlineFilter.php(58): CController->filterAccessControl(Object(CFilterChain))
#16 /var/www/html/framework/web/filters/CFilterChain.php(130): CInlineFilter->filter(Object(CFilterChain))
#17 /var/www/html/framework/web/CController.php(291): CFilterChain->run()
#18 /var/www/html/framework/web/CController.php(265): CController->runActionWithFilters(Object(CInlineAction), Array)
#19 /var/www/html/framework/web/CWebApplication.php(282): CController->run('login')
#20 /var/www/html/framework/web/CWebApplication.php(141): CWebApplication->runController('site/login')
#21 /var/www/html/framework/base/CApplication.php(169): CWebApplication->processRequest()
#22 /var/www/html/opensouq/index.php(13): CApplication->run()
#23 {main}
REQUEST_URI=/opensouq/index.php?r=site/login
HTTP_REFERER=http://localhost/opensouq/index.php?r=site/login
---
2014/12/07 12:49:39 [error] [exception.CDbException] exception 'CDbException' with message 'CDbConnection failed to open the DB connection: could not find driver' in /var/www/html/framework/db/CDbConnection.php:381
Stack trace:
#0 /var/www/html/framework/db/CDbConnection.php(330): CDbConnection->open()
#1 /var/www/html/framework/db/CDbConnection.php(308): CDbConnection->setActive(true)
#2 /var/www/html/framework/base/CModule.php(387): CDbConnection->init()
#3 /var/www/html/framework/base/CApplication.php(438): CModule->getComponent('db')
#4 /var/www/html/framework/db/ar/CActiveRecord.php(623): CApplication->getDb()
#5 /var/www/html/framework/db/ar/CActiveRecord.php(2309): CActiveRecord->getDbConnection()
#6 /var/www/html/framework/db/ar/CActiveRecord.php(387): CActiveRecordMetaData->__construct(Object(Fbusers))
#7 /var/www/html/framework/db/ar/CActiveRecord.php(402): CActiveRecord::model('Fbusers')
#8 /var/www/html/framework/db/ar/CActiveRecord.php(77): CActiveRecord->getMetaData()
#9 /var/www/html/opensouq/protected/controllers/SiteController.php(114): CActiveRecord->__construct()
#10 /var/www/html/framework/web/actions/CInlineAction.php(49): SiteController->actionLogin()
#11 /var/www/html/framework/web/CController.php(308): CInlineAction->runWithParams(Array)
#12 /var/www/html/framework/web/filters/CFilterChain.php(133): CController->runAction(Object(CInlineAction))
#13 /var/www/html/framework/web/filters/CFilter.php(40): CFilterChain->run()
#14 /var/www/html/framework/web/CController.php(1145): CFilter->filter(Object(CFilterChain))
#15 /var/www/html/framework/web/filters/CInlineFilter.php(58): CController->filterAccessControl(Object(CFilterChain))
#16 /var/www/html/framework/web/filters/CFilterChain.php(130): CInlineFilter->filter(Object(CFilterChain))
#17 /var/www/html/framework/web/CController.php(291): CFilterChain->run()
#18 /var/www/html/framework/web/CController.php(265): CController->runActionWithFilters(Object(CInlineAction), Array)
#19 /var/www/html/framework/web/CWebApplication.php(282): CController->run('login')
#20 /var/www/html/framework/web/CWebApplication.php(141): CWebApplication->runController('site/login')
#21 /var/www/html/framework/base/CApplication.php(169): CWebApplication->processRequest()
#22 /var/www/html/opensouq/index.php(13): CApplication->run()
#23 {main}
REQUEST_URI=/opensouq/index.php?r=site/login
HTTP_REFERER=http://localhost/opensouq/index.php?r=site/login
---
2014/12/07 13:00:14 [error] [php] include(Fbusers.php): failed to open stream: No such file or directory (/var/www/html/framework/YiiBase.php:421)
Stack trace:
#0 /var/www/html/opensouq/protected/controllers/SiteController.php(114): spl_autoload_call()
#1 /var/www/html/framework/web/actions/CInlineAction.php(49): SiteController->actionLogin()
#2 /var/www/html/framework/web/CController.php(308): CInlineAction->runWithParams()
#3 /var/www/html/framework/web/filters/CFilterChain.php(133): SiteController->runAction()
#4 /var/www/html/framework/web/filters/CFilter.php(40): CFilterChain->run()
#5 /var/www/html/framework/web/CController.php(1145): CAccessControlFilter->filter()
#6 /var/www/html/framework/web/filters/CInlineFilter.php(58): SiteController->filterAccessControl()
#7 /var/www/html/framework/web/filters/CFilterChain.php(130): CInlineFilter->filter()
#8 /var/www/html/framework/web/CController.php(291): CFilterChain->run()
#9 /var/www/html/framework/web/CController.php(265): SiteController->runActionWithFilters()
#10 /var/www/html/framework/web/CWebApplication.php(282): SiteController->run()
#11 /var/www/html/framework/web/CWebApplication.php(141): CWebApplication->runController()
#12 /var/www/html/framework/base/CApplication.php(169): CWebApplication->processRequest()
#13 /var/www/html/opensouq/index.php(13): CWebApplication->run()
REQUEST_URI=/opensouq/index.php?r=site/login
in /var/www/html/opensouq/protected/controllers/SiteController.php (114)
in /var/www/html/opensouq/index.php (13)
2014/12/07 13:00:44 [error] [exception.CDbException] exception 'CDbException' with message 'CDbConnection failed to open the DB connection: could not find driver' in /var/www/html/framework/db/CDbConnection.php:381
Stack trace:
#0 /var/www/html/framework/db/CDbConnection.php(330): CDbConnection->open()
#1 /var/www/html/framework/db/CDbConnection.php(308): CDbConnection->setActive(true)
#2 /var/www/html/framework/base/CModule.php(387): CDbConnection->init()
#3 /var/www/html/framework/base/CApplication.php(438): CModule->getComponent('db')
#4 /var/www/html/framework/db/ar/CActiveRecord.php(623): CApplication->getDb()
#5 /var/www/html/framework/db/ar/CActiveRecord.php(2309): CActiveRecord->getDbConnection()
#6 /var/www/html/framework/db/ar/CActiveRecord.php(387): CActiveRecordMetaData->__construct(Object(UserLogin))
#7 /var/www/html/framework/db/ar/CActiveRecord.php(402): CActiveRecord::model('UserLogin')
#8 /var/www/html/framework/db/ar/CActiveRecord.php(77): CActiveRecord->getMetaData()
#9 /var/www/html/opensouq/protected/controllers/SiteController.php(114): CActiveRecord->__construct()
#10 /var/www/html/framework/web/actions/CInlineAction.php(49): SiteController->actionLogin()
#11 /var/www/html/framework/web/CController.php(308): CInlineAction->runWithParams(Array)
#12 /var/www/html/framework/web/filters/CFilterChain.php(133): CController->runAction(Object(CInlineAction))
#13 /var/www/html/framework/web/filters/CFilter.php(40): CFilterChain->run()
#14 /var/www/html/framework/web/CController.php(1145): CFilter->filter(Object(CFilterChain))
#15 /var/www/html/framework/web/filters/CInlineFilter.php(58): CController->filterAccessControl(Object(CFilterChain))
#16 /var/www/html/framework/web/filters/CFilterChain.php(130): CInlineFilter->filter(Object(CFilterChain))
#17 /var/www/html/framework/web/CController.php(291): CFilterChain->run()
#18 /var/www/html/framework/web/CController.php(265): CController->runActionWithFilters(Object(CInlineAction), Array)
#19 /var/www/html/framework/web/CWebApplication.php(282): CController->run('login')
#20 /var/www/html/framework/web/CWebApplication.php(141): CWebApplication->runController('site/login')
#21 /var/www/html/framework/base/CApplication.php(169): CWebApplication->processRequest()
#22 /var/www/html/opensouq/index.php(13): CApplication->run()
#23 {main}
REQUEST_URI=/opensouq/index.php?r=site/login
HTTP_REFERER=http://localhost/opensouq/index.php?r=site/login
---
2014/12/07 14:20:08 [error] [php] Undefined variable: firstName (/var/www/html/opensouq/protected/controllers/SiteController.php:116)
Stack trace:
#0 /var/www/html/framework/web/filters/CFilterChain.php(133): SiteController->runAction()
#1 /var/www/html/framework/web/filters/CFilter.php(40): CFilterChain->run()
#2 /var/www/html/framework/web/CController.php(1145): CAccessControlFilter->filter()
#3 /var/www/html/framework/web/filters/CInlineFilter.php(58): SiteController->filterAccessControl()
#4 /var/www/html/framework/web/filters/CFilterChain.php(130): CInlineFilter->filter()
#5 /var/www/html/framework/web/CController.php(291): CFilterChain->run()
#6 /var/www/html/framework/web/CController.php(265): SiteController->runActionWithFilters()
#7 /var/www/html/framework/web/CWebApplication.php(282): SiteController->run()
#8 /var/www/html/framework/web/CWebApplication.php(141): CWebApplication->runController()
#9 /var/www/html/framework/base/CApplication.php(169): CWebApplication->processRequest()
#10 /var/www/html/opensouq/index.php(13): CWebApplication->run()
REQUEST_URI=/opensouq/index.php?r=site/login
in /var/www/html/opensouq/protected/controllers/SiteController.php (116)
in /var/www/html/opensouq/index.php (13)
2014/12/07 14:31:03 [error] [php] include(fbUser.php): failed to open stream: No such file or directory (/var/www/html/framework/YiiBase.php:421)
Stack trace:
#0 /var/www/html/opensouq/protected/components/UserIdentity.php(21): spl_autoload_call()
#1 /var/www/html/opensouq/protected/controllers/SiteController.php(125): UserIdentity->authenticate()
#2 /var/www/html/framework/web/actions/CInlineAction.php(49): SiteController->actionLogin()
#3 /var/www/html/framework/web/CController.php(308): CInlineAction->runWithParams()
#4 /var/www/html/framework/web/filters/CFilterChain.php(133): SiteController->runAction()
#5 /var/www/html/framework/web/filters/CFilter.php(40): CFilterChain->run()
#6 /var/www/html/framework/web/CController.php(1145): CAccessControlFilter->filter()
#7 /var/www/html/framework/web/filters/CInlineFilter.php(58): SiteController->filterAccessControl()
#8 /var/www/html/framework/web/filters/CFilterChain.php(130): CInlineFilter->filter()
#9 /var/www/html/framework/web/CController.php(291): CFilterChain->run()
#10 /var/www/html/framework/web/CController.php(265): SiteController->runActionWithFilters()
#11 /var/www/html/framework/web/CWebApplication.php(282): SiteController->run()
#12 /var/www/html/framework/web/CWebApplication.php(141): CWebApplication->runController()
#13 /var/www/html/framework/base/CApplication.php(169): CWebApplication->processRequest()
#14 /var/www/html/opensouq/index.php(13): CWebApplication->run()
REQUEST_URI=/opensouq/index.php?r=site/login
in /var/www/html/opensouq/protected/components/UserIdentity.php (21)
in /var/www/html/opensouq/protected/controllers/SiteController.php (125)
in /var/www/html/opensouq/index.php (13)
2014/12/07 14:31:45 [error] [system.db.CDbCommand] CDbCommand::fetch() failed: SQLSTATE[42703]: Undefined column: 7 ERROR:  column "password" does not exist
LINE 1: ...WHERE user_email='khadijah.shtayat@gmail.com' and password=N...
                                                             ^. The SQL statement executed was: SELECT * FROM "fbusers" "t" WHERE user_email=:username and password=:password LIMIT 1.
in /var/www/html/opensouq/protected/components/UserIdentity.php (21)
in /var/www/html/opensouq/protected/controllers/SiteController.php (125)
in /var/www/html/opensouq/index.php (13)
2014/12/07 14:31:45 [error] [exception.CDbException] exception 'CDbException' with message 'CDbCommand failed to execute the SQL statement: SQLSTATE[42703]: Undefined column: 7 ERROR:  column "password" does not exist
LINE 1: ...WHERE user_email='khadijah.shtayat@gmail.com' and password=N...
                                                             ^. The SQL statement executed was: SELECT * FROM "fbusers" "t" WHERE user_email=:username and password=:password LIMIT 1' in /var/www/html/framework/db/CDbCommand.php:541
Stack trace:
#0 /var/www/html/framework/db/CDbCommand.php(414): CDbCommand->queryInternal('fetch', Array, Array)
#1 /var/www/html/framework/db/ar/CActiveRecord.php(1297): CDbCommand->queryRow()
#2 /var/www/html/framework/db/ar/CActiveRecord.php(1402): CActiveRecord->query(Object(CDbCriteria))
#3 /var/www/html/opensouq/protected/components/UserIdentity.php(21): CActiveRecord->find('user_email=:use...', Array)
#4 /var/www/html/opensouq/protected/controllers/SiteController.php(125): UserIdentity->authenticate()
#5 /var/www/html/framework/web/actions/CInlineAction.php(49): SiteController->actionLogin()
#6 /var/www/html/framework/web/CController.php(308): CInlineAction->runWithParams(Array)
#7 /var/www/html/framework/web/filters/CFilterChain.php(133): CController->runAction(Object(CInlineAction))
#8 /var/www/html/framework/web/filters/CFilter.php(40): CFilterChain->run()
#9 /var/www/html/framework/web/CController.php(1145): CFilter->filter(Object(CFilterChain))
#10 /var/www/html/framework/web/filters/CInlineFilter.php(58): CController->filterAccessControl(Object(CFilterChain))
#11 /var/www/html/framework/web/filters/CFilterChain.php(130): CInlineFilter->filter(Object(CFilterChain))
#12 /var/www/html/framework/web/CController.php(291): CFilterChain->run()
#13 /var/www/html/framework/web/CController.php(265): CController->runActionWithFilters(Object(CInlineAction), Array)
#14 /var/www/html/framework/web/CWebApplication.php(282): CController->run('login')
#15 /var/www/html/framework/web/CWebApplication.php(141): CWebApplication->runController('site/login')
#16 /var/www/html/framework/base/CApplication.php(169): CWebApplication->processRequest()
#17 /var/www/html/opensouq/index.php(13): CApplication->run()
#18 {main}
REQUEST_URI=/opensouq/index.php?r=site/login
HTTP_REFERER=http://localhost/opensouq/index.php?r=site/login
---
2014/12/07 14:50:55 [error] [exception.CException] exception 'CException' with message 'Property "UserLogin.passwored" is not defined.' in /var/www/html/framework/base/CComponent.php:130
Stack trace:
#0 /var/www/html/framework/db/ar/CActiveRecord.php(143): CComponent->__get('passwored')
#1 /var/www/html/opensouq/protected/controllers/SiteController.php(124): CActiveRecord->__get('passwored')
#2 /var/www/html/framework/web/actions/CInlineAction.php(49): SiteController->actionLogin()
#3 /var/www/html/framework/web/CController.php(308): CInlineAction->runWithParams(Array)
#4 /var/www/html/framework/web/filters/CFilterChain.php(133): CController->runAction(Object(CInlineAction))
#5 /var/www/html/framework/web/filters/CFilter.php(40): CFilterChain->run()
#6 /var/www/html/framework/web/CController.php(1145): CFilter->filter(Object(CFilterChain))
#7 /var/www/html/framework/web/filters/CInlineFilter.php(58): CController->filterAccessControl(Object(CFilterChain))
#8 /var/www/html/framework/web/filters/CFilterChain.php(130): CInlineFilter->filter(Object(CFilterChain))
#9 /var/www/html/framework/web/CController.php(291): CFilterChain->run()
#10 /var/www/html/framework/web/CController.php(265): CController->runActionWithFilters(Object(CInlineAction), Array)
#11 /var/www/html/framework/web/CWebApplication.php(282): CController->run('login')
#12 /var/www/html/framework/web/CWebApplication.php(141): CWebApplication->runController('site/login')
#13 /var/www/html/framework/base/CApplication.php(169): CWebApplication->processRequest()
#14 /var/www/html/opensouq/index.php(13): CApplication->run()
#15 {main}
REQUEST_URI=/opensouq/index.php?r=site/login
HTTP_REFERER=http://localhost/opensouq/index.php?r=site/login
---
2014/12/07 14:51:42 [error] [php] Undefined variable: firtName (/var/www/html/opensouq/protected/controllers/SiteController.php:131)
Stack trace:
#0 /var/www/html/framework/web/filters/CFilterChain.php(133): SiteController->runAction()
#1 /var/www/html/framework/web/filters/CFilter.php(40): CFilterChain->run()
#2 /var/www/html/framework/web/CController.php(1145): CAccessControlFilter->filter()
#3 /var/www/html/framework/web/filters/CInlineFilter.php(58): SiteController->filterAccessControl()
#4 /var/www/html/framework/web/filters/CFilterChain.php(130): CInlineFilter->filter()
#5 /var/www/html/framework/web/CController.php(291): CFilterChain->run()
#6 /var/www/html/framework/web/CController.php(265): SiteController->runActionWithFilters()
#7 /var/www/html/framework/web/CWebApplication.php(282): SiteController->run()
#8 /var/www/html/framework/web/CWebApplication.php(141): CWebApplication->runController()
#9 /var/www/html/framework/base/CApplication.php(169): CWebApplication->processRequest()
#10 /var/www/html/opensouq/index.php(13): CWebApplication->run()
REQUEST_URI=/opensouq/index.php?r=site/login
in /var/www/html/opensouq/protected/controllers/SiteController.php (131)
in /var/www/html/opensouq/index.php (13)
2014/12/07 14:53:27 [error] [exception.CException] exception 'CException' with message 'Alias "application.views.site.googleMapWidget" is invalid. Make sure it points to an existing PHP file and the file is readable.' in /var/www/html/framework/YiiBase.php:316
Stack trace:
#0 /var/www/html/framework/web/CWidgetFactory.php(146): YiiBase::import('application.vie...', true)
#1 /var/www/html/framework/web/CBaseController.php(146): CWidgetFactory->createWidget(Object(SiteController), 'application.vie...', Array)
#2 /var/www/html/framework/web/CBaseController.php(172): CBaseController->createWidget('application.vie...', Array)
#3 /var/www/html/opensouq/protected/views/site/location.php(6): CBaseController->widget('application.vie...', Array)
#4 /var/www/html/framework/web/CBaseController.php(126): require('/var/www/html/o...')
#5 /var/www/html/framework/web/CBaseController.php(95): CBaseController->renderInternal('/var/www/html/o...', Array, true)
#6 /var/www/html/framework/web/CController.php(869): CBaseController->renderFile('/var/www/html/o...', Array, true)
#7 /var/www/html/framework/web/CController.php(782): CController->renderPartial('location', Array, true)
#8 /var/www/html/opensouq/protected/controllers/SiteController.php(156): CController->render('location', Array)
#9 /var/www/html/framework/web/actions/CInlineAction.php(49): SiteController->actionLocation()
#10 /var/www/html/framework/web/CController.php(308): CInlineAction->runWithParams(Array)
#11 /var/www/html/framework/web/filters/CFilterChain.php(133): CController->runAction(Object(CInlineAction))
#12 /var/www/html/framework/web/filters/CFilter.php(40): CFilterChain->run()
#13 /var/www/html/framework/web/CController.php(1145): CFilter->filter(Object(CFilterChain))
#14 /var/www/html/framework/web/filters/CInlineFilter.php(58): CController->filterAccessControl(Object(CFilterChain))
#15 /var/www/html/framework/web/filters/CFilterChain.php(130): CInlineFilter->filter(Object(CFilterChain))
#16 /var/www/html/framework/web/CController.php(291): CFilterChain->run()
#17 /var/www/html/framework/web/CController.php(265): CController->runActionWithFilters(Object(CInlineAction), Array)
#18 /var/www/html/framework/web/CWebApplication.php(282): CController->run('location')
#19 /var/www/html/framework/web/CWebApplication.php(141): CWebApplication->runController('site/location')
#20 /var/www/html/framework/base/CApplication.php(169): CWebApplication->processRequest()
#21 /var/www/html/opensouq/index.php(13): CApplication->run()
#22 {main}
REQUEST_URI=/opensouq/index.php?r=site/location
HTTP_REFERER=http://localhost/opensouq/index.php?r=site/login
---
2014/12/07 14:56:19 [error] [exception.CException] exception 'CException' with message 'CWebApplication and its behaviors do not have a method or closure named "getIsGuest".' in /var/www/html/framework/base/CComponent.php:265
Stack trace:
#0 /var/www/html/opensouq/protected/views/site/location.php(3): CComponent->__call('getIsGuest', Array)
#1 /var/www/html/opensouq/protected/views/site/location.php(3): CWebApplication->getIsGuest()
#2 /var/www/html/framework/web/CBaseController.php(126): require('/var/www/html/o...')
#3 /var/www/html/framework/web/CBaseController.php(95): CBaseController->renderInternal('/var/www/html/o...', Array, true)
#4 /var/www/html/framework/web/CController.php(869): CBaseController->renderFile('/var/www/html/o...', Array, true)
#5 /var/www/html/framework/web/CController.php(782): CController->renderPartial('location', Array, true)
#6 /var/www/html/opensouq/protected/controllers/SiteController.php(156): CController->render('location', Array)
#7 /var/www/html/framework/web/actions/CInlineAction.php(49): SiteController->actionLocation()
#8 /var/www/html/framework/web/CController.php(308): CInlineAction->runWithParams(Array)
#9 /var/www/html/framework/web/filters/CFilterChain.php(133): CController->runAction(Object(CInlineAction))
#10 /var/www/html/framework/web/filters/CFilter.php(40): CFilterChain->run()
#11 /var/www/html/framework/web/CController.php(1145): CFilter->filter(Object(CFilterChain))
#12 /var/www/html/framework/web/filters/CInlineFilter.php(58): CController->filterAccessControl(Object(CFilterChain))
#13 /var/www/html/framework/web/filters/CFilterChain.php(130): CInlineFilter->filter(Object(CFilterChain))
#14 /var/www/html/framework/web/CController.php(291): CFilterChain->run()
#15 /var/www/html/framework/web/CController.php(265): CController->runActionWithFilters(Object(CInlineAction), Array)
#16 /var/www/html/framework/web/CWebApplication.php(282): CController->run('location')
#17 /var/www/html/framework/web/CWebApplication.php(141): CWebApplication->runController('site/location')
#18 /var/www/html/framework/base/CApplication.php(169): CWebApplication->processRequest()
#19 /var/www/html/opensouq/index.php(13): CApplication->run()
#20 {main}
REQUEST_URI=/opensouq/index.php?r=site/location
HTTP_REFERER=http://localhost/opensouq/index.php?r=site/login
---
2014/12/07 14:56:51 [error] [exception.CException] exception 'CException' with message 'CWebApplication and its behaviors do not have a method or closure named "getIsGuest".' in /var/www/html/framework/base/CComponent.php:265
Stack trace:
#0 /var/www/html/opensouq/protected/views/site/location.php(3): CComponent->__call('getIsGuest', Array)
#1 /var/www/html/opensouq/protected/views/site/location.php(3): CWebApplication->getIsGuest()
#2 /var/www/html/framework/web/CBaseController.php(126): require('/var/www/html/o...')
#3 /var/www/html/framework/web/CBaseController.php(95): CBaseController->renderInternal('/var/www/html/o...', Array, true)
#4 /var/www/html/framework/web/CController.php(869): CBaseController->renderFile('/var/www/html/o...', Array, true)
#5 /var/www/html/framework/web/CController.php(782): CController->renderPartial('location', Array, true)
#6 /var/www/html/opensouq/protected/controllers/SiteController.php(156): CController->render('location', Array)
#7 /var/www/html/framework/web/actions/CInlineAction.php(49): SiteController->actionLocation()
#8 /var/www/html/framework/web/CController.php(308): CInlineAction->runWithParams(Array)
#9 /var/www/html/framework/web/filters/CFilterChain.php(133): CController->runAction(Object(CInlineAction))
#10 /var/www/html/framework/web/filters/CFilter.php(40): CFilterChain->run()
#11 /var/www/html/framework/web/CController.php(1145): CFilter->filter(Object(CFilterChain))
#12 /var/www/html/framework/web/filters/CInlineFilter.php(58): CController->filterAccessControl(Object(CFilterChain))
#13 /var/www/html/framework/web/filters/CFilterChain.php(130): CInlineFilter->filter(Object(CFilterChain))
#14 /var/www/html/framework/web/CController.php(291): CFilterChain->run()
#15 /var/www/html/framework/web/CController.php(265): CController->runActionWithFilters(Object(CInlineAction), Array)
#16 /var/www/html/framework/web/CWebApplication.php(282): CController->run('location')
#17 /var/www/html/framework/web/CWebApplication.php(141): CWebApplication->runController('site/location')
#18 /var/www/html/framework/base/CApplication.php(169): CWebApplication->processRequest()
#19 /var/www/html/opensouq/index.php(13): CApplication->run()
#20 {main}
REQUEST_URI=/opensouq/index.php?r=site/location
HTTP_REFERER=http://localhost/opensouq/index.php?r=site/login
---
2014/12/07 14:57:53 [error] [php] Undefined variable: expressionYii (/var/www/html/opensouq/protected/controllers/SiteController.php:157)
Stack trace:
#0 /var/www/html/framework/web/filters/CFilterChain.php(133): SiteController->runAction()
#1 /var/www/html/framework/web/filters/CFilter.php(40): CFilterChain->run()
#2 /var/www/html/framework/web/CController.php(1145): CAccessControlFilter->filter()
#3 /var/www/html/framework/web/filters/CInlineFilter.php(58): SiteController->filterAccessControl()
#4 /var/www/html/framework/web/filters/CFilterChain.php(130): CInlineFilter->filter()
#5 /var/www/html/framework/web/CController.php(291): CFilterChain->run()
#6 /var/www/html/framework/web/CController.php(265): SiteController->runActionWithFilters()
#7 /var/www/html/framework/web/CWebApplication.php(282): SiteController->run()
#8 /var/www/html/framework/web/CWebApplication.php(141): CWebApplication->runController()
#9 /var/www/html/framework/base/CApplication.php(169): CWebApplication->processRequest()
#10 /var/www/html/opensouq/index.php(13): CWebApplication->run()
REQUEST_URI=/opensouq/index.php?r=site/location
in /var/www/html/opensouq/protected/controllers/SiteController.php (157)
in /var/www/html/opensouq/index.php (13)
2014/12/07 14:58:23 [error] [php] Undefined variable: expressionYii (/var/www/html/opensouq/protected/controllers/SiteController.php:157)
Stack trace:
#0 /var/www/html/framework/web/filters/CFilterChain.php(133): SiteController->runAction()
#1 /var/www/html/framework/web/filters/CFilter.php(40): CFilterChain->run()
#2 /var/www/html/framework/web/CController.php(1145): CAccessControlFilter->filter()
#3 /var/www/html/framework/web/filters/CInlineFilter.php(58): SiteController->filterAccessControl()
#4 /var/www/html/framework/web/filters/CFilterChain.php(130): CInlineFilter->filter()
#5 /var/www/html/framework/web/CController.php(291): CFilterChain->run()
#6 /var/www/html/framework/web/CController.php(265): SiteController->runActionWithFilters()
#7 /var/www/html/framework/web/CWebApplication.php(282): SiteController->run()
#8 /var/www/html/framework/web/CWebApplication.php(141): CWebApplication->runController()
#9 /var/www/html/framework/base/CApplication.php(169): CWebApplication->processRequest()
#10 /var/www/html/opensouq/index.php(13): CWebApplication->run()
REQUEST_URI=/opensouq/index.php?r=site/location
in /var/www/html/opensouq/protected/controllers/SiteController.php (157)
in /var/www/html/opensouq/index.php (13)
2014/12/07 14:58:24 [error] [php] Undefined variable: expressionYii (/var/www/html/opensouq/protected/controllers/SiteController.php:157)
Stack trace:
#0 /var/www/html/framework/web/filters/CFilterChain.php(133): SiteController->runAction()
#1 /var/www/html/framework/web/filters/CFilter.php(40): CFilterChain->run()
#2 /var/www/html/framework/web/CController.php(1145): CAccessControlFilter->filter()
#3 /var/www/html/framework/web/filters/CInlineFilter.php(58): SiteController->filterAccessControl()
#4 /var/www/html/framework/web/filters/CFilterChain.php(130): CInlineFilter->filter()
#5 /var/www/html/framework/web/CController.php(291): CFilterChain->run()
#6 /var/www/html/framework/web/CController.php(265): SiteController->runActionWithFilters()
#7 /var/www/html/framework/web/CWebApplication.php(282): SiteController->run()
#8 /var/www/html/framework/web/CWebApplication.php(141): CWebApplication->runController()
#9 /var/www/html/framework/base/CApplication.php(169): CWebApplication->processRequest()
#10 /var/www/html/opensouq/index.php(13): CWebApplication->run()
REQUEST_URI=/opensouq/index.php?r=site/location
in /var/www/html/opensouq/protected/controllers/SiteController.php (157)
in /var/www/html/opensouq/index.php (13)
2014/12/07 14:58:24 [error] [php] Undefined variable: expressionYii (/var/www/html/opensouq/protected/controllers/SiteController.php:157)
Stack trace:
#0 /var/www/html/framework/web/filters/CFilterChain.php(133): SiteController->runAction()
#1 /var/www/html/framework/web/filters/CFilter.php(40): CFilterChain->run()
#2 /var/www/html/framework/web/CController.php(1145): CAccessControlFilter->filter()
#3 /var/www/html/framework/web/filters/CInlineFilter.php(58): SiteController->filterAccessControl()
#4 /var/www/html/framework/web/filters/CFilterChain.php(130): CInlineFilter->filter()
#5 /var/www/html/framework/web/CController.php(291): CFilterChain->run()
#6 /var/www/html/framework/web/CController.php(265): SiteController->runActionWithFilters()
#7 /var/www/html/framework/web/CWebApplication.php(282): SiteController->run()
#8 /var/www/html/framework/web/CWebApplication.php(141): CWebApplication->runController()
#9 /var/www/html/framework/base/CApplication.php(169): CWebApplication->processRequest()
#10 /var/www/html/opensouq/index.php(13): CWebApplication->run()
REQUEST_URI=/opensouq/index.php?r=site/location
in /var/www/html/opensouq/protected/controllers/SiteController.php (157)
in /var/www/html/opensouq/index.php (13)
2014/12/07 14:58:25 [error] [php] Undefined variable: expressionYii (/var/www/html/opensouq/protected/controllers/SiteController.php:157)
Stack trace:
#0 /var/www/html/framework/web/filters/CFilterChain.php(133): SiteController->runAction()
#1 /var/www/html/framework/web/filters/CFilter.php(40): CFilterChain->run()
#2 /var/www/html/framework/web/CController.php(1145): CAccessControlFilter->filter()
#3 /var/www/html/framework/web/filters/CInlineFilter.php(58): SiteController->filterAccessControl()
#4 /var/www/html/framework/web/filters/CFilterChain.php(130): CInlineFilter->filter()
#5 /var/www/html/framework/web/CController.php(291): CFilterChain->run()
#6 /var/www/html/framework/web/CController.php(265): SiteController->runActionWithFilters()
#7 /var/www/html/framework/web/CWebApplication.php(282): SiteController->run()
#8 /var/www/html/framework/web/CWebApplication.php(141): CWebApplication->runController()
#9 /var/www/html/framework/base/CApplication.php(169): CWebApplication->processRequest()
#10 /var/www/html/opensouq/index.php(13): CWebApplication->run()
REQUEST_URI=/opensouq/index.php?r=site/location
in /var/www/html/opensouq/protected/controllers/SiteController.php (157)
in /var/www/html/opensouq/index.php (13)
2014/12/07 14:58:34 [error] [exception.CException] exception 'CException' with message 'CWebApplication and its behaviors do not have a method or closure named "getUserId".' in /var/www/html/framework/base/CComponent.php:265
Stack trace:
#0 /var/www/html/opensouq/protected/controllers/SiteController.php(157): CComponent->__call('getUserId', Array)
#1 /var/www/html/opensouq/protected/controllers/SiteController.php(157): CWebApplication->getUserId()
#2 /var/www/html/framework/web/actions/CInlineAction.php(49): SiteController->actionLocation()
#3 /var/www/html/framework/web/CController.php(308): CInlineAction->runWithParams(Array)
#4 /var/www/html/framework/web/filters/CFilterChain.php(133): CController->runAction(Object(CInlineAction))
#5 /var/www/html/framework/web/filters/CFilter.php(40): CFilterChain->run()
#6 /var/www/html/framework/web/CController.php(1145): CFilter->filter(Object(CFilterChain))
#7 /var/www/html/framework/web/filters/CInlineFilter.php(58): CController->filterAccessControl(Object(CFilterChain))
#8 /var/www/html/framework/web/filters/CFilterChain.php(130): CInlineFilter->filter(Object(CFilterChain))
#9 /var/www/html/framework/web/CController.php(291): CFilterChain->run()
#10 /var/www/html/framework/web/CController.php(265): CController->runActionWithFilters(Object(CInlineAction), Array)
#11 /var/www/html/framework/web/CWebApplication.php(282): CController->run('location')
#12 /var/www/html/framework/web/CWebApplication.php(141): CWebApplication->runController('site/location')
#13 /var/www/html/framework/base/CApplication.php(169): CWebApplication->processRequest()
#14 /var/www/html/opensouq/index.php(13): CApplication->run()
#15 {main}
REQUEST_URI=/opensouq/index.php?r=site/location
HTTP_REFERER=http://localhost/opensouq/index.php?r=site/login
---
2014/12/07 15:05:41 [error] [exception.CDbException] exception 'CDbException' with message 'Table "fbusers" does not have a column named "user_fb_id".' in /var/www/html/framework/db/schema/CDbCommandBuilder.php:591
Stack trace:
#0 /var/www/html/framework/db/ar/CActiveRecord.php(1464): CDbCommandBuilder->createColumnCriteria(Object(CPgsqlTableSchema), Array, '', Array, '"t".')
#1 /var/www/html/opensouq/protected/controllers/SiteController.php(118): CActiveRecord->findByAttributes(Array)
#2 /var/www/html/framework/web/actions/CInlineAction.php(49): SiteController->actionLogin()
#3 /var/www/html/framework/web/CController.php(308): CInlineAction->runWithParams(Array)
#4 /var/www/html/framework/web/filters/CFilterChain.php(133): CController->runAction(Object(CInlineAction))
#5 /var/www/html/framework/web/filters/CFilter.php(40): CFilterChain->run()
#6 /var/www/html/framework/web/CController.php(1145): CFilter->filter(Object(CFilterChain))
#7 /var/www/html/framework/web/filters/CInlineFilter.php(58): CController->filterAccessControl(Object(CFilterChain))
#8 /var/www/html/framework/web/filters/CFilterChain.php(130): CInlineFilter->filter(Object(CFilterChain))
#9 /var/www/html/framework/web/CController.php(291): CFilterChain->run()
#10 /var/www/html/framework/web/CController.php(265): CController->runActionWithFilters(Object(CInlineAction), Array)
#11 /var/www/html/framework/web/CWebApplication.php(282): CController->run('login')
#12 /var/www/html/framework/web/CWebApplication.php(141): CWebApplication->runController('site/login')
#13 /var/www/html/framework/base/CApplication.php(169): CWebApplication->processRequest()
#14 /var/www/html/opensouq/index.php(13): CApplication->run()
#15 {main}
REQUEST_URI=/opensouq/index.php?r=site/login
HTTP_REFERER=http://localhost/opensouq/index.php?r=site/login
---
2014/12/07 15:06:08 [error] [system.db.CDbCommand] CDbCommand::fetch() failed: SQLSTATE[22003]: Numeric value out of range: 7 ERROR:  value "10205829236193400" is out of range for type integer
LINE 1: ...ELECT * FROM "fbusers" "t" WHERE "t"."fb_user_id"='102058292...
                                                             ^. The SQL statement executed was: SELECT * FROM "fbusers" "t" WHERE "t"."fb_user_id"=:yp0 LIMIT 1.
in /var/www/html/opensouq/protected/controllers/SiteController.php (118)
in /var/www/html/opensouq/index.php (13)
2014/12/07 15:06:08 [error] [exception.CDbException] exception 'CDbException' with message 'CDbCommand failed to execute the SQL statement: SQLSTATE[22003]: Numeric value out of range: 7 ERROR:  value "10205829236193400" is out of range for type integer
LINE 1: ...ELECT * FROM "fbusers" "t" WHERE "t"."fb_user_id"='102058292...
                                                             ^. The SQL statement executed was: SELECT * FROM "fbusers" "t" WHERE "t"."fb_user_id"=:yp0 LIMIT 1' in /var/www/html/framework/db/CDbCommand.php:541
Stack trace:
#0 /var/www/html/framework/db/CDbCommand.php(414): CDbCommand->queryInternal('fetch', Array, Array)
#1 /var/www/html/framework/db/ar/CActiveRecord.php(1297): CDbCommand->queryRow()
#2 /var/www/html/framework/db/ar/CActiveRecord.php(1465): CActiveRecord->query(Object(CDbCriteria))
#3 /var/www/html/opensouq/protected/controllers/SiteController.php(118): CActiveRecord->findByAttributes(Array)
#4 /var/www/html/framework/web/actions/CInlineAction.php(49): SiteController->actionLogin()
#5 /var/www/html/framework/web/CController.php(308): CInlineAction->runWithParams(Array)
#6 /var/www/html/framework/web/filters/CFilterChain.php(133): CController->runAction(Object(CInlineAction))
#7 /var/www/html/framework/web/filters/CFilter.php(40): CFilterChain->run()
#8 /var/www/html/framework/web/CController.php(1145): CFilter->filter(Object(CFilterChain))
#9 /var/www/html/framework/web/filters/CInlineFilter.php(58): CController->filterAccessControl(Object(CFilterChain))
#10 /var/www/html/framework/web/filters/CFilterChain.php(130): CInlineFilter->filter(Object(CFilterChain))
#11 /var/www/html/framework/web/CController.php(291): CFilterChain->run()
#12 /var/www/html/framework/web/CController.php(265): CController->runActionWithFilters(Object(CInlineAction), Array)
#13 /var/www/html/framework/web/CWebApplication.php(282): CController->run('login')
#14 /var/www/html/framework/web/CWebApplication.php(141): CWebApplication->runController('site/login')
#15 /var/www/html/framework/base/CApplication.php(169): CWebApplication->processRequest()
#16 /var/www/html/opensouq/index.php(13): CApplication->run()
#17 {main}
REQUEST_URI=/opensouq/index.php?r=site/login
HTTP_REFERER=http://localhost/opensouq/index.php?r=site/login
---
2014/12/07 16:03:43 [error] [exception.CException] exception 'CException' with message 'CWebUser and its behaviors do not have a method or closure named "getUserId".' in /var/www/html/framework/base/CComponent.php:265
Stack trace:
#0 /var/www/html/opensouq/protected/controllers/SiteController.php(165): CComponent->__call('getUserId', Array)
#1 /var/www/html/opensouq/protected/controllers/SiteController.php(165): CWebUser->getUserId()
#2 /var/www/html/framework/web/actions/CInlineAction.php(49): SiteController->actionLocation()
#3 /var/www/html/framework/web/CController.php(308): CInlineAction->runWithParams(Array)
#4 /var/www/html/framework/web/filters/CFilterChain.php(133): CController->runAction(Object(CInlineAction))
#5 /var/www/html/framework/web/filters/CFilter.php(40): CFilterChain->run()
#6 /var/www/html/framework/web/CController.php(1145): CFilter->filter(Object(CFilterChain))
#7 /var/www/html/framework/web/filters/CInlineFilter.php(58): CController->filterAccessControl(Object(CFilterChain))
#8 /var/www/html/framework/web/filters/CFilterChain.php(130): CInlineFilter->filter(Object(CFilterChain))
#9 /var/www/html/framework/web/CController.php(291): CFilterChain->run()
#10 /var/www/html/framework/web/CController.php(265): CController->runActionWithFilters(Object(CInlineAction), Array)
#11 /var/www/html/framework/web/CWebApplication.php(282): CController->run('location')
#12 /var/www/html/framework/web/CWebApplication.php(141): CWebApplication->runController('site/location')
#13 /var/www/html/framework/base/CApplication.php(169): CWebApplication->processRequest()
#14 /var/www/html/opensouq/index.php(13): CApplication->run()
#15 {main}
REQUEST_URI=/opensouq/index.php?r=site/location
HTTP_REFERER=http://localhost/opensouq/index.php?r=site/login
---
2014/12/07 16:06:10 [error] [exception.CException] exception 'CException' with message 'Property "CWebApplication.session" is read only.' in /var/www/html/framework/base/CComponent.php:170
Stack trace:
#0 /var/www/html/opensouq/protected/controllers/SiteController.php(142): CComponent->__set('session', 1)
#1 /var/www/html/framework/web/actions/CInlineAction.php(49): SiteController->actionLogin()
#2 /var/www/html/framework/web/CController.php(308): CInlineAction->runWithParams(Array)
#3 /var/www/html/framework/web/filters/CFilterChain.php(133): CController->runAction(Object(CInlineAction))
#4 /var/www/html/framework/web/filters/CFilter.php(40): CFilterChain->run()
#5 /var/www/html/framework/web/CController.php(1145): CFilter->filter(Object(CFilterChain))
#6 /var/www/html/framework/web/filters/CInlineFilter.php(58): CController->filterAccessControl(Object(CFilterChain))
#7 /var/www/html/framework/web/filters/CFilterChain.php(130): CInlineFilter->filter(Object(CFilterChain))
#8 /var/www/html/framework/web/CController.php(291): CFilterChain->run()
#9 /var/www/html/framework/web/CController.php(265): CController->runActionWithFilters(Object(CInlineAction), Array)
#10 /var/www/html/framework/web/CWebApplication.php(282): CController->run('login')
#11 /var/www/html/framework/web/CWebApplication.php(141): CWebApplication->runController('site/login')
#12 /var/www/html/framework/base/CApplication.php(169): CWebApplication->processRequest()
#13 /var/www/html/opensouq/index.php(13): CApplication->run()
#14 {main}
REQUEST_URI=/opensouq/index.php?r=site/login
HTTP_REFERER=http://localhost/opensouq/index.php?r=site/login
---
2014/12/07 16:07:28 [error] [php] Undefined property: CWebApplication::$user (/var/www/html/opensouq/protected/components/CfbUser.php:79)
Stack trace:
#0 /var/www/html/framework/base/CModule.php(103): CWebApplication->getComponent()
#1 /var/www/html/opensouq/protected/components/CfbUser.php(79): CWebApplication->__get()
#2 /var/www/html/framework/YiiBase.php(217): CfbUser->CfbUser()
#3 /var/www/html/framework/base/CModule.php(386): createComponent()
#4 /var/www/html/framework/web/CWebApplication.php(209): CWebApplication->getComponent()
#5 /var/www/html/framework/web/auth/CAccessControlFilter.php(129): CWebApplication->getUser()
#6 /var/www/html/framework/web/filters/CFilter.php(38): CAccessControlFilter->preFilter()
#7 /var/www/html/framework/web/CController.php(1145): CAccessControlFilter->filter()
#8 /var/www/html/framework/web/filters/CInlineFilter.php(58): SiteController->filterAccessControl()
#9 /var/www/html/framework/web/filters/CFilterChain.php(130): CInlineFilter->filter()
#10 /var/www/html/framework/web/CController.php(291): CFilterChain->run()
#11 /var/www/html/framework/web/CController.php(265): SiteController->runActionWithFilters()
#12 /var/www/html/framework/web/CWebApplication.php(282): SiteController->run()
#13 /var/www/html/framework/web/CWebApplication.php(141): CWebApplication->runController()
#14 /var/www/html/framework/base/CApplication.php(169): CWebApplication->processRequest()
#15 /var/www/html/opensouq/index.php(13): CWebApplication->run()
REQUEST_URI=/opensouq/index.php?r=site/login
in /var/www/html/opensouq/protected/components/CfbUser.php (79)
in /var/www/html/opensouq/protected/components/CfbUser.php (79)
in /var/www/html/opensouq/index.php (13)
2014/12/07 16:26:33 [error] [php] Undefined property: CWebApplication::$user (/var/www/html/opensouq/protected/components/CfbUser.php:79)
Stack trace:
#0 /var/www/html/framework/base/CModule.php(103): CWebApplication->getComponent()
#1 /var/www/html/opensouq/protected/components/CfbUser.php(79): CWebApplication->__get()
#2 /var/www/html/framework/YiiBase.php(217): CfbUser->CfbUser()
#3 /var/www/html/framework/base/CModule.php(386): createComponent()
#4 /var/www/html/framework/web/CWebApplication.php(209): CWebApplication->getComponent()
#5 /var/www/html/framework/web/auth/CAccessControlFilter.php(129): CWebApplication->getUser()
#6 /var/www/html/framework/web/filters/CFilter.php(38): CAccessControlFilter->preFilter()
#7 /var/www/html/framework/web/CController.php(1145): CAccessControlFilter->filter()
#8 /var/www/html/framework/web/filters/CInlineFilter.php(58): SiteController->filterAccessControl()
#9 /var/www/html/framework/web/filters/CFilterChain.php(130): CInlineFilter->filter()
#10 /var/www/html/framework/web/CController.php(291): CFilterChain->run()
#11 /var/www/html/framework/web/CController.php(265): SiteController->runActionWithFilters()
#12 /var/www/html/framework/web/CWebApplication.php(282): SiteController->run()
#13 /var/www/html/framework/web/CWebApplication.php(141): CWebApplication->runController()
#14 /var/www/html/framework/base/CApplication.php(169): CWebApplication->processRequest()
#15 /var/www/html/opensouq/index.php(13): CWebApplication->run()
REQUEST_URI=/opensouq/index.php?r=site/location
in /var/www/html/opensouq/protected/components/CfbUser.php (79)
in /var/www/html/opensouq/protected/components/CfbUser.php (79)
in /var/www/html/opensouq/index.php (13)
2014/12/07 17:01:04 [error] [php] Undefined offset: 0 (/var/www/html/framework/db/schema/CDbCommandBuilder.php:684)
Stack trace:
#0 /var/www/html/opensouq/protected/controllers/SiteController.php(161): UserLogin->findByPk()
#1 /var/www/html/framework/web/actions/CInlineAction.php(49): SiteController->actionLocation()
#2 /var/www/html/framework/web/CController.php(308): CInlineAction->runWithParams()
#3 /var/www/html/framework/web/filters/CFilterChain.php(133): SiteController->runAction()
#4 /var/www/html/framework/web/filters/CFilter.php(40): CFilterChain->run()
#5 /var/www/html/framework/web/CController.php(1145): CAccessControlFilter->filter()
#6 /var/www/html/framework/web/filters/CInlineFilter.php(58): SiteController->filterAccessControl()
#7 /var/www/html/framework/web/filters/CFilterChain.php(130): CInlineFilter->filter()
#8 /var/www/html/framework/web/CController.php(291): CFilterChain->run()
#9 /var/www/html/framework/web/CController.php(265): SiteController->runActionWithFilters()
#10 /var/www/html/framework/web/CWebApplication.php(282): SiteController->run()
#11 /var/www/html/framework/web/CWebApplication.php(141): CWebApplication->runController()
#12 /var/www/html/framework/base/CApplication.php(169): CWebApplication->processRequest()
#13 /var/www/html/opensouq/index.php(13): CWebApplication->run()
REQUEST_URI=/opensouq/index.php?r=site/location
in /var/www/html/opensouq/protected/controllers/SiteController.php (161)
in /var/www/html/opensouq/index.php (13)
